Arguments: 
  D:\software\nodejs\node.exe D:\software\yarn\bin\yarn.js add --dev @type/node

PATH: 
  D:\software\cmder\vendor\git-for-windows\mingw64\bin;D:\software\cmder\vendor\git-for-windows\usr\bin;C:\Users\sdk\bin;C:\Python38\Scripts;C:\Python38;D:\software\cmder\vendor\git-for-windows\cmd;E:\OpenSources\bin;C:\Program Files (x86)\MacType;D:\MacType;C:\Program Files\NVIDIA Corporation\NVIDIA NvDLISR;C:\WINDOWS\system32;C:\WINDOWS;C:\WINDOWS\System32\Wbem;C:\WINDOWS\System32\WindowsPowerShell\v1.0;C:\WINDOWS\System32\OpenSSH;C:\Users\sdk\Desktop;C:\Users\sdk\AppData\Roaming\npm;D:\software\nodejs;C:\ProgramData\chocolatey\bin;D:\software\yarn\bin;C:\Users\sdk\AppData\Roaming\npm;D:\software\VSCode\bin;D:\software\WebStorm 2020.1\bin;C:\Users\sdk\AppData\Roaming\npm;C:\Users\sdk\AppData\Local\Yarn\bin;C:\Users\sdk\AppData\Local\Microsoft\WindowsApps

Yarn version: 
  1.22.4

Node version: 
  12.18.2

Platform: 
  win32 x64

Trace: 
  Error: https://registry.npm.taobao.org/@type%2fnode: Not found
      at Request.params.callback [as _callback] (D:\software\yarn\lib\cli.js:66096:18)
      at Request.self.callback (D:\software\yarn\lib\cli.js:140748:22)
      at Request.emit (events.js:315:20)
      at Request.<anonymous> (D:\software\yarn\lib\cli.js:141720:10)
      at Request.emit (events.js:315:20)
      at IncomingMessage.<anonymous> (D:\software\yarn\lib\cli.js:141642:12)
      at Object.onceWrapper (events.js:421:28)
      at IncomingMessage.emit (events.js:327:22)
      at endReadableNT (_stream_readable.js:1221:12)
      at processTicksAndRejections (internal/process/task_queues.js:84:21)

npm manifest: 
  {
    "name": "fanyi-node",
    "version": "0.0.1",
    "main": "index.js",
    "scripts": {
      "start": "ts-node-dev src/main.ts"
    },
    "license": "MIT",
    "dependencies": {
      "commander": "^8.1.0"
    }
  }

yarn manifest: 
  No manifest

Lockfile: 
  # THIS IS AN AUTOGENERATED FILE. DO NOT EDIT THIS FILE DIRECTLY.
  # yarn lockfile v1
  
  
  commander@^8.1.0:
    version "8.1.0"
    resolved "https://registry.nlark.com/commander/download/commander-8.1.0.tgz?cache=0&sync_timestamp=1627359190297&other_urls=https%3A%2F%2Fregistry.nlark.com%2Fcommander%2Fdownload%2Fcommander-8.1.0.tgz#db36e3e66edf24ff591d639862c6ab2c52664362"
    integrity sha1-2zbj5m7fJP9ZHWOYYsarLFJmQ2I=
